

============================== 2023-10-18 09:11:57.991341 | 43dc1c43-a47e-44e5-8963-313fc13dc3b2 ==============================
[0m09:11:57.991341 [info ] [MainThread]: Running with dbt=1.4.5
[0m09:11:57.994333 [debug] [MainThread]: running dbt with arguments {'write_json': True, 'use_colors': True, 'printer_width': 80, 'version_check': True, 'partial_parse': True, 'static_parser': True, 'profiles_dir': 'C:\\Users\\gauthamppai\\.dbt', 'send_anonymous_usage_stats': True, 'quiet': False, 'no_print': False, 'cache_selected_only': False, 'project_name': 'dbt_core_batch1_project', 'skip_profile_setup': False, 'which': 'init', 'indirect_selection': 'eager'}
[0m09:11:57.994333 [debug] [MainThread]: Tracking: tracking
[0m09:11:58.044333 [debug] [MainThread]: Sending event: {'category': 'dbt', 'action': 'invocation', 'label': 'start', 'context': [<snowplow_tracker.self_describing_json.SelfDescribingJson object at 0x00000298B6A15630>, <snowplow_tracker.self_describing_json.SelfDescribingJson object at 0x00000298B69E1F60>, <snowplow_tracker.self_describing_json.SelfDescribingJson object at 0x00000298B69E3160>]}
[0m09:11:58.046335 [info ] [MainThread]: Creating dbt configuration folder at C:\Users\gauthamppai\.dbt
[0m09:11:58.055337 [debug] [MainThread]: Starter project path: C:\Users\gauthamppai\AppData\Roaming\Python\Python310\site-packages\dbt\include\starter_project
[0m09:16:04.655860 [info ] [MainThread]: Profile dbt_core_batch1_project written to C:\Users\gauthamppai\.dbt\profiles.yml using target's profile_template.yml and your supplied values. Run 'dbt debug' to validate the connection.
[0m09:16:04.655860 [info ] [MainThread]: 
Your new dbt project "dbt_core_batch1_project" was created!

For more information on how to configure the profiles.yml file,
please consult the dbt documentation here:

  https://docs.getdbt.com/docs/configure-your-profile

One more thing:

Need help? Don't hesitate to reach out to us via GitHub issues or on Slack:

  https://community.getdbt.com/

Happy modeling!

[0m09:16:04.659862 [debug] [MainThread]: Sending event: {'category': 'dbt', 'action': 'invocation', 'label': 'end', 'context': [<snowplow_tracker.self_describing_json.SelfDescribingJson object at 0x00000298B6A15CF0>, <snowplow_tracker.self_describing_json.SelfDescribingJson object at 0x00000298B69E2D40>, <snowplow_tracker.self_describing_json.SelfDescribingJson object at 0x00000298B69E1F60>]}
[0m09:16:04.659862 [debug] [MainThread]: Flushing usage events


============================== 2023-10-18 09:16:49.156973 | c6062aa6-a286-4cca-b93f-ec5dedddcdf5 ==============================
[0m09:16:49.156973 [info ] [MainThread]: Running with dbt=1.4.5
[0m09:16:49.159977 [debug] [MainThread]: running dbt with arguments {'write_json': True, 'use_colors': True, 'printer_width': 80, 'version_check': True, 'partial_parse': True, 'static_parser': True, 'profiles_dir': 'C:\\Users\\gauthamppai\\.dbt', 'send_anonymous_usage_stats': True, 'quiet': False, 'no_print': False, 'cache_selected_only': False, 'config_dir': False, 'which': 'debug', 'indirect_selection': 'eager'}
[0m09:16:49.159977 [debug] [MainThread]: Tracking: tracking
[0m09:16:49.198053 [debug] [MainThread]: Sending event: {'category': 'dbt', 'action': 'invocation', 'label': 'start', 'context': [<snowplow_tracker.self_describing_json.SelfDescribingJson object at 0x000002DF038A5B70>, <snowplow_tracker.self_describing_json.SelfDescribingJson object at 0x000002DF038A5FF0>, <snowplow_tracker.self_describing_json.SelfDescribingJson object at 0x000002DF038A55A0>]}
[0m09:16:49.834980 [debug] [MainThread]: Executing "git --help"
[0m09:16:49.894982 [debug] [MainThread]: STDOUT: "b"usage: git [--version] [--help] [-C <path>] [-c <name>=<value>]\n           [--exec-path[=<path>]] [--html-path] [--man-path] [--info-path]\n           [-p | --paginate | -P | --no-pager] [--no-replace-objects] [--bare]\n           [--git-dir=<path>] [--work-tree=<path>] [--namespace=<name>]\n           [--super-prefix=<path>] [--config-env=<name>=<envvar>]\n           <command> [<args>]\n\nThese are common Git commands used in various situations:\n\nstart a working area (see also: git help tutorial)\n   clone             Clone a repository into a new directory\n   init              Create an empty Git repository or reinitialize an existing one\n\nwork on the current change (see also: git help everyday)\n   add               Add file contents to the index\n   mv                Move or rename a file, a directory, or a symlink\n   restore           Restore working tree files\n   rm                Remove files from the working tree and from the index\n   sparse-checkout   Initialize and modify the sparse-checkout\n\nexamine the history and state (see also: git help revisions)\n   bisect            Use binary search to find the commit that introduced a bug\n   diff              Show changes between commits, commit and working tree, etc\n   grep              Print lines matching a pattern\n   log               Show commit logs\n   show              Show various types of objects\n   status            Show the working tree status\n\ngrow, mark and tweak your common history\n   branch            List, create, or delete branches\n   commit            Record changes to the repository\n   merge             Join two or more development histories together\n   rebase            Reapply commits on top of another base tip\n   reset             Reset current HEAD to the specified state\n   switch            Switch branches\n   tag               Create, list, delete or verify a tag object signed with GPG\n\ncollaborate (see also: git help workflows)\n   fetch             Download objects and refs from another repository\n   pull              Fetch from and integrate with another repository or a local branch\n   push              Update remote refs along with associated objects\n\n'git help -a' and 'git help -g' list available subcommands and some\nconcept guides. See 'git help <command>' or 'git help <concept>'\nto read about a specific subcommand or concept.\nSee 'git help git' for an overview of the system.\n""
[0m09:16:49.897015 [debug] [MainThread]: STDERR: "b''"
[0m09:16:49.904988 [debug] [MainThread]: Acquiring new snowflake connection 'debug'
[0m09:16:49.908059 [debug] [MainThread]: Using snowflake connection "debug"
[0m09:16:49.909049 [debug] [MainThread]: On debug: select 1 as id
[0m09:16:49.909977 [debug] [MainThread]: Opening a new connection, currently in state init
[0m09:17:04.387119 [debug] [MainThread]: SQL status: SUCCESS 1 in 14 seconds
[0m09:17:04.388171 [debug] [MainThread]: On debug: Close
[0m09:17:04.491225 [debug] [MainThread]: Sending event: {'category': 'dbt', 'action': 'invocation', 'label': 'end', 'context': [<snowplow_tracker.self_describing_json.SelfDescribingJson object at 0x000002DF126DF730>, <snowplow_tracker.self_describing_json.SelfDescribingJson object at 0x000002DF1270CBE0>, <snowplow_tracker.self_describing_json.SelfDescribingJson object at 0x000002DF1270D630>]}
[0m09:17:04.492227 [debug] [MainThread]: Flushing usage events
[0m09:17:05.513048 [debug] [MainThread]: Connection 'debug' was properly closed.
